Microsoft (R) Help Compiler
HCRTF 4.03.0002
Copyright (c) Microsoft Corp 1990 - 1995. All rights reserved.
rallyoc.hpj
    HC3037: Warning: C:\RallyOC\hlp\RallyOC.hm : 
	The map value for "HID_POPUP_MENU" is the same as the map value for "HID_POPUP_MENU1".
    HC3037: Warning: C:\RallyOC\hlp\RallyOC.hm : 
	The map value for "HIDR_MOVE_X" is the same as the map value for "HIDR_FINISH".
    HC3037: Warning: C:\RallyOC\hlp\RallyOC.hm : 
	The map value for "HIDR_FINISH_X" is the same as the map value for "HIDR_MOVE".
    HC3037: Warning: C:\RallyOC\hlp\RallyOC.hm : 
	The map value for "HIDR_EXCELLENT" is the same as the map value for "HIDR_RALLYO".
    HC3037: Warning: C:\RallyOC\hlp\RallyOC.hm : 
	The map value for "HIDD_DOCINFO" is the same as the map value for "HIDR_ADVANCED_APDT".
    HC3037: Warning: C:\RallyOC\hlp\RallyOC.hm : 
	The map value for "HIDD_COURSE" is the same as the map value for "HIDR_EXCELLENT_APDT".
    HC1012: Note: topic #2 of C:\RallyOC\hlp\.\RallyCore.rtf : 
	Table cell borders are not supported.
    HC1012: Note: topic #3 of C:\RallyOC\hlp\.\RallyCore.rtf : 
	Table cell borders are not supported.
    HC1012: Note: topic #4 of C:\RallyOC\hlp\.\RallyCore.rtf : 
	Table cell borders are not supported.
    HC1012: Note: topic #5 of C:\RallyOC\hlp\.\RallyCore.rtf : 
	Table cell borders are not supported.
    HC1012: Note: topic #6 of C:\RallyOC\hlp\.\RallyCore.rtf : 
	Table cell borders are not supported.
    HC1012: Note: topic #7 of C:\RallyOC\hlp\.\RallyCore.rtf : 
	Table cell borders are not supported.
    HC1012: Note: topic #8 of C:\RallyOC\hlp\.\RallyCore.rtf : 
	Table cell borders are not supported.
    HC1012: Note: topic #9 of C:\RallyOC\hlp\.\RallyCore.rtf : 
	Table cell borders are not supported.
    HC1012: Note: topic #10 of C:\RallyOC\hlp\.\RallyCore.rtf : 
	Table cell borders are not supported.
    HC1012: Note: topic #54 of C:\RallyOC\hlp\.\RallyCore.rtf : 
	Table cell borders are not supported.
    HC1012: Note: topic #55 of C:\RallyOC\hlp\.\RallyCore.rtf : 
	Table cell borders are not supported.
    HC1012: Note: topic #56 of C:\RallyOC\hlp\.\RallyCore.rtf : 
	Table cell borders are not supported.
    HC1012: Note: topic #57 of C:\RallyOC\hlp\.\RallyCore.rtf : 
	Table cell borders are not supported.
    HC1012: Note: topic #58 of C:\RallyOC\hlp\.\RallyCore.rtf : 
	Table cell borders are not supported.
    HC1012: Note: topic #59 of C:\RallyOC\hlp\.\RallyCore.rtf : 
	Table cell borders are not supported.
    HC1012: Note: topic #60 of C:\RallyOC\hlp\.\RallyCore.rtf : 
	Table cell borders are not supported.
    HC1012: Note: topic #61 of C:\RallyOC\hlp\.\RallyCore.rtf : 
	Table cell borders are not supported.
    HC1012: Note: topic #62 of C:\RallyOC\hlp\.\RallyCore.rtf : 
	Table cell borders are not supported.
    HC1012: Note: topic #10 of C:\RallyOC\hlp\.\RallyAdd.rtf : 
	Table cell borders are not supported.
    HC1012: Note: topic #11 of C:\RallyOC\hlp\.\RallyAdd.rtf : 
	Table cell borders are not supported.
    HC1012: Note: topic #12 of C:\RallyOC\hlp\.\RallyAdd.rtf : 
	Table cell borders are not supported.
    HC1012: Note: topic #13 of C:\RallyOC\hlp\.\RallyAdd.rtf : 
	Table cell borders are not supported.
    HC1012: Note: topic #14 of C:\RallyOC\hlp\.\RallyAdd.rtf : 
	Table cell borders are not supported.
    HC1010: Note: 
	The following mapped Topic IDs were not used in any topic:
	HID_ITEM1
	HID_ITEM2
	HID_ITEM3
	HID_ITEM4
	HID_ITEM5
	HID_ITEM6
	HID_ITEM7
	HID_ITEM8
	HID_ITEM9
	HIDR_ADVANCED_APDT
	AFX_HIDP_UNREG_DONE
	HID_PIVOT
	HIDD_PRINT
	HIDD_STATION_LIST_PREF
	HIDR_HALT_FOR_APDT
	AFX_HIDD_NEWTYPEDLG
	HID_OFFSET_3A
	HID_OFFSET_3B
	HIDR_RIGHT_TURNS
	HID_MOVE_STAND_LEAVE_TWO
	HIDD_SCORE_SHEET_PREF
	HID_VIEW_TOOLBARS_STANDARD
	AFX_HIDP_GET_NOT_SUPPORTED
	HID_HT_OBJECT
	HID_VIEW_RALLYOC
	AFX_HIDP_SQL_BOOKMARKS_NOT_ENABLED
	HID_COPY_DESC
	HID_COPY_LIST
	HID_EDIT_REPEAT
	HID_RETRIEVE_FINISH
	HID_SPIRAL_RT_1A
	HID_SPIRAL_RT_1B
	HID_RECORD_FIRST
	HID_EDIT_SELECT_ALL
	HID_ITEM11
	HID_ITEM12
	HID_ITEM13
	HID_ITEM14
	HID_ITEM15
	HID_ITEM16
	HID_ITEM17
	HID_ITEM18
	HID_ITEM19
	HID_ITEM10
	HID_ITEM21
	HID_ITEM22
	HID_ITEM23
	HID_ITEM24
	HID_ITEM25
	HID_ITEM26
	HID_ITEM27
	HID_ITEM28
	HID_ITEM29
	HID_ITEM20
	HID_ITEM31
	HID_ITEM32
	HID_ITEM33
	HID_ITEM34
	HID_ITEM35
	HID_ITEM36
	HID_ITEM37
	HID_ITEM38
	HID_ITEM39
	HID_ITEM30
	HID_ITEM40
	HID_FILE_UPDATE
	HID_CITEM11
	HID_CITEM12
	HID_CITEM13
	HID_CITEM14
	HID_CITEM15
	HID_CITEM16
	HID_CITEM17
	HID_CITEM18
	HID_CITEM19
	HID_CITEM10
	HID_CITEM21
	HID_CITEM22
	HID_CITEM23
	HID_CITEM24
	HID_CITEM25
	HID_CITEM26
	HID_CITEM27
	HID_CITEM28
	HID_CITEM29
	HID_CITEM20
	HID_CITEM31
	HID_CITEM32
	HID_CITEM33
	HID_CITEM34
	HID_CITEM35
	HID_CITEM36
	HID_CITEM37
	HID_CITEM38
	HID_CITEM39
	HID_CITEM30
	HID_CITEM41
	HID_CITEM42
	HID_CITEM43
	HID_CITEM44
	HID_CITEM45
	HID_CITEM46
	HID_CITEM47
	HID_CITEM48
	HID_CITEM49
	HID_CITEM40
	HID_CITEM51
	HID_CITEM52
	HID_CITEM53
	HID_CITEM54
	HID_CITEM55
	HID_CITEM56
	HID_CITEM57
	HID_CITEM58
	HID_CITEM59
	HID_CITEM50
	HID_CITEM60
	AFX_HIDW_RESIZE_BAR
	HIDR_NONSTATIONARY
	AFX_HIDP_SQL_NO_DATA_FOUND
	AFX_HIDP_SQL_EMPTY_COLUMN_LIST
	AFX_HIDP_SQL_ODBC_LOAD_FAILED
	HID_POPUP_SCR_MENU
	HID_VIEW_DRAW
	AFX_HIDP_FAILED_TO_CREATE
	HID_DRAW_POLY
	HID_SERP_PATTERN
	HID_ELLISPE
	AFX_HIDD_BUSY
	AFX_HIDD_FIND
	AFX_HIDD_FONT
	AFX_HIDP_ARCH_NONE
	HIDR_RIGHT_TURNS_APDT
	HID_RECORD_LAST
	HID_RECORD_NEXT
	HID_RECORD_PREV
	HID_EDIT_FIND
	AFX_HIDD_OBJECTPROPERTIES
	HIDD_COURSE_VERIFY
	AFX_HIDP_UNREG_FAILURE
	AFX_HIDP_SQL_BOOKMARKS_NOT_SUPPORTED
	AFX_HIDP_FILE_TOO_MANY_OPEN
	HID_FRONT_RUN
	AFX_HIDP_SQL_FIELD_NOT_FOUND
	AFX_HIDP_FILE_ACCESS_DENIED
	HIDR_FINISH
	HID_DRAW_SPIRAL_LEFT
	HID_FILE_SAVE_COPY_AS
	HIDR_ADVANCED
	HIDD_TEXT_PREF
	AFX_HIDD_CONVERT
	AFX_HIDP_ASK_TO_DISCARD
	AFX_HIDP_SQL_FIELD_SCHEMA_MISMATCH
	AFX_HIDP_SQL_LOCK_MODE_NOT_SUPPORTED
	HID_FORMAT_FONT
	AFX_HIDP_FILE_HARD_IO
	HID_DRAW_RD_RECT
	AFX_HIDD_CHANGESOURCE
	HID_VIEW_AGILITY_BAR
	HIDR_LEFT_TURNS
	HID_POPUP_AR_MENU
	AFX_HIDP_FILE_NOT_FOUND
	HIDD_STATION_DESC_PREF
	AFX_HIDW_DOCKBAR_TOP
	AFX_HIDP_DAO_DFX_BIND
	HIDD_COURSE_INFO_PREF
	HIDD_STAT_PROP
	AFX_HIDP_SQL_ODBC_V2_REQUIRED
	AFX_HIDP_SQL_NO_ROWS_AFFECTED
	HID_OLE_EDIT_CONVERT
	AFX_HIDP_SQL_SQL_CONFORMANCE
	HID_JUMP_RECALL_TWO
	HID_CH_STATION_NUM
	HID_ONEEIGHTY
	HID_MY_FONT
	HID_SCR_PROP_DIALOG
	AFX_HIDD_INSERTOBJECT
	AFX_HIDP_SQL_RECORDSET_READONLY
	HID_RETURN_STAND
	HIDD_RALLY_LIST
	AFX_HIDP_PARSE_RADIO_BUTTON
	HID_DRAW_U_FORWARD_LT
	HID_JUMP_RECALL
	HID_PRINT_SCORE_SHEET
	HID_EDIT_PASTE_SPECIAL
	HIDD_ARROW_PREF
	AFX_HIDP_DAO_ROWTOOSHORT
	HID_SELECTARROW
	HID_DEFAULT
	AFX_HIDP_SQL_INCORRECT_ODBC
	AFX_HIDP_NO_ERROR_AVAILABLE
	HID_DRAW_FINISH_LEFT_FORWARD
	AFX_HIDW_DOCKBAR_BOTTOM
	HID_DRAW_ARROW
	HID_POPUP_TX_MENU
	HIDD_MAIL_ADDRESS
	HID_PREV_PANE
	HID_FIG8_PATTERN
	AFX_HIDP_FILE_DIR_FULL
	HIDR_DOGRUNTYPE
	HID_MOVE_STAND_SIT_FINISH_TWO
	HID_MOVE_STAND_SIT_FINISH
	AFX_HIDP_DAO_BADBINDINFO
	AFX_HIDP_SQL_UPDATE_DELETE_FAILED
	AFX_HIDP_PARSE_DATETIME
	HID_OLE_EDIT_CHANGE_ICON
	AFX_HIDP_ARCH_ENDOFFILE
	HID_POPUP_MENU1
	HID_JUMP_LEAVE
	HID_COPY_COURSE
	AFX_HIDP_SQL_SQL_NO_TOTAL
	HIDD_EDITTEXT
	HIDR_NOVICE
	AFX_HIDP_SQL_CONNECT_FAIL
	HIDD_OBJECT_PROP
	AFX_HIDP_SQL_API_CONFORMANCE
	HID_OLE_EDIT_PROPERTIES
	AFX_HIDP_FILE_DISKFULL
	HIDR_HALT_FOR_AKC
	HIDR_NOVICE_APDT
	AFX_HIDW_DOCKBAR_LEFT
	HID_FRONT_3_STEPS_BACK
	AFX_HIDP_FILE_REMOVE_CURRENT
	AFX_HIDP_ARCH_BADCLASS
	AFX_HIDP_SQL_NO_POSITIONED_UPDATES
	HID_OLE_VERB_1
	HID_OLE_VERB_1
	HID_OLE_VERB_1
	HID_OLE_VERB_1
	HID_OLE_VERB_1
	HID_OLE_VERB_1
	HID_OLE_VERB_1
	HID_OLE_VERB_1
	HID_OLE_VERB_1
	HID_OLE_VERB_1
	HID_OLE_VERB_1
	HID_OLE_VERB_1
	HID_OLE_VERB_1
	HID_OLE_VERB_1
	HID_OLE_VERB_1
	HID_OLE_VERB_1
	AFX_HIDP_ARCH_BADINDEX
	HIDR_STATIONARY
	HIDD_ERROR_REPORT
	HID_WIZBACK
	HID_WIZNEXT
	HIDD_STATION_PREF
	HID_WINDOW_SPLIT
	AFX_HIDP_PARSE_CURRENCY
	AFX_HIDP_FILE_NONE
	HID_ADD_DISTRACTION
	AFX_HIDP_FAILED_TO_CONVERT
	HIDD_SELECT_FINISH
	HID_HELP_FINDER
	HID_DRAW_SPIRAL_RIGHT
	AFX_HIDP_FILE_EOF
	HID_JUMP_LEAVE_TWO
	HID_TURN_FRONT
	HIDR_WEAVE
	AFX_HIDP_FILE_LOCKING
	AFX_HIDP_SQL_ILLEGAL_MODE
	AFX_HIDD_PREVIEW_TOOLBAR
	HIDR_CHANGE_PACE
	HIDR_ADD_APDT
	HIDR_WEAVE_APDT
	HIDR_RALLYO
	HIDD_REGISTER
	AFX_HIDP_SQL_NO_CURRENT_RECORD
	AFX_HIDP_FILE_BAD_PATH
	AFX_HIDP_FILE_BAD_SEEK
	AFX_HIDP_SQL_ROW_UPDATE_NOT_SUPPORTED
	HID_COPY_STATS
	AFX_HIDP_FAILED_MAPI_LOAD
	AFX_HIDP_FAILED_MAPI_SEND
	HID_EDIT_REPLACE
	AFX_HIDP_FILE_SHARING
	HID_ALIGN_VERT
	HIDR_DRAW
	HIDR_HEEL
	HIDR_MOVE
	HID_DRAW_SIT_STAND
	HID_FILE_PRINT_DIRECT
	HID_DRAW_MOVE_STAND_WALK
	AFX_HIDP_DLL_LOAD_FAILED
	AFX_HIDP_SQL_DYNASET_NOT_SUPPORTED
	AFX_HIDP_SQL_ROW_FETCH
	HID_HALT_3_STEPS_FOR
	HIDR_FINISH_APDT
	HID_SPIRAL_LT
	HID_DOWN_RECALL_TWO
	AFX_HIDP_SET_NOT_SUPPORTED
	AFX_HIDD_CHANGEICON
	AFX_HIDP_DLL_BAD_VERSION
	AFX_HIDP_ARCH_BADSCHEMA
	HID_WEAVE_TWICE
	HID_DOWN_RECALL
	AFX_HIDD_FILEBROWSE
	HIDR_MOVE_APDT
	HID_NINETY_CCW
	HID_ZERO_DEGREES
	HIDR_LEFT_TURNS_APDT
	HID_REG_DIALOG
	HID_DRAW_RT_DOWN
	HID_PRINT_LIST_DESC
	HID_NINETY_CW
	HIDD_COURSE_INFO
	HIDR_PATTERN
	AFX_HIDD_EDITLINKS
	AFX_HIDP_SQL_DATA_TRUNCATED
	HIDR_ADD_AKC
	HID_HALT_WALK
	HID_HT_HELP
	HID_WIZFINISH
	HID_PRINT_STATION_LIST
	AFX_HIDP_INVALID_MAPI_DLL
	AFX_HIDD_PREVIEW_SHORTTOOLBAR
	AFX_HIDP_DAO_OBJECT_NOT_OPEN
	AFX_HIDP_ARCH_WRITEONLY
	HID_POPUP_ST_MENU
	HID_OLE_EDIT_LINKS
	HIDR_EXCELLENT_APDT
	AFX_HIDP_SQL_MULTIPLE_ROWS_AFFECTED
	AFX_HIDD_COLOR
	HID_EDIT_PASTE_LINK
	HID_NEXT_PANE
	AFX_HIDP_DAO_ENGINE_INITIALIZATION
	AFX_HIDW_DOCKBAR_FLOAT
	HIDD_RENUMBER
	AFX_HIDW_DOCKBAR_RIGHT
	HID_CITEM1
	HID_CITEM2
	HID_CITEM3
	HID_CITEM4
	HID_CITEM5
	HID_CITEM6
	HID_CITEM7
	HID_CITEM8
	HID_CITEM9
	AFX_HIDP_PARSE_BYTE
	AFX_HIDP_PARSE_UINT
	AFX_HIDP_ARCH_GENERIC
	HID_MOVE_STAND_LEAVE
	AFX_HIDP_SQL_SNAPSHOT_NOT_SUPPORTED
	AFX_HIDD_PASTESPECIAL
	AFX_HIDP_FILE_GENERIC
	HID_SIZE_TO_SCREEN
	HID_FINISH_RIGHT
	AFX_HIDP_FILE_INVALID_FILE
	HIDR_PIVOT_TURNS
	HID_HT_CLOSE
	HID_EDIT_CLEAR_ALL
	HID_FINISH_LEFT
	AFX_HIDP_ARCH_READONLY
	HIDR_PIVOT_TURNS_APDT
	AFX_HIDP_SQL_RECORDSET_FORWARD_ONLY
	HID_OLE_INSERT_NEW
	AFX_HIDP_SQL_DYNAMIC_CURSOR_NOT_SUPPORTED
	HID_RECALL_LEAVE
	HIDD_AUTOR_PREF
	AFX_HIDP_DAO_COLUMNUNAVAILABLE
	HID_ALIGN_HORIZ
	AFX_HIDD_REPLACE
	HID_DRAW_LT_DOWN
199	Topics
485	Jumps
309	Keywords
125	Bitmaps


Created C:\RallyOC\hlp\RallyOC.HLP, 1,167,466 bytes
Bitmaps: 1,060,647 bytes
Hall+Zeck compression decreased help file by 92,319 bytes.
Compile time: 0 minutes, 32 seconds
24 notes, 6 warnings
